<?xml version="1.0" encoding="UTF-8"?>
<!-- Generated by org.testng.reporters.JUnitXMLReporter -->
<testsuite ignored="0" hostname="DESKTOP-G3L0C0N" failures="2" tests="5" name="Test1" time="0.365" errors="0" timestamp="2023-02-23T15:55:38 COT">
  <testcase classname="tests.Runner2" name="GET_successful_collection_details" time="0.134"/>
  <testcase classname="tests.Runner2" name="GET_successful_create_guest_session" time="0.024">
    <failure type="java.lang.AssertionError" message="The request failed expected [&amp;quot;success&amp;quot;: true] but found [&amp;quot;success&amp;quot;:true]">
      <![CDATA[java.lang.AssertionError: The request failed expected ["success": true] but found ["success":true]
at tests.Runner2.GET_successful_create_guest_session(Runner2.java:26)
at java.base/java.util.ArrayList.forEach(ArrayList.java:1511)
... Removed 36 stack frames]]>
    </failure>
  </testcase> <!-- GET_successful_create_guest_session -->
  <testcase classname="tests.Runner2" name="GET_successful_movie_alternative_names" time="0.013"/>
  <testcase classname="tests.Runner2" name="GET_successful_token_request" time="0.012"/>
  <testcase classname="tests.Runner2" name="GET_unsuccessful_collection_images" time="0.01">
    <failure type="java.lang.AssertionError" message="The request should have failed expected [404] but found [200]">
      <![CDATA[java.lang.AssertionError: The request should have failed expected [404] but found [200]
at tests.Runner2.GET_unsuccessful_collection_images(Runner2.java:66)
at java.base/java.util.ArrayList.forEach(ArrayList.java:1511)
... Removed 36 stack frames]]>
    </failure>
  </testcase> <!-- GET_unsuccessful_collection_images -->
</testsuite> <!-- Test1 -->
