<?xml version="1.0" encoding="UTF-8"?>
<!-- Generated by org.testng.reporters.JUnitXMLReporter -->
<testsuite ignored="0" hostname="DESKTOP-G3L0C0N" failures="1" tests="5" name="Test1" time="0.334" errors="0" timestamp="2023-02-23T20:13:14 COT">
  <testcase classname="tests.Runner2" name="GET_successful_collection_details" time="0.113"/>
  <testcase classname="tests.Runner2" name="GET_successful_create_guest_session" time="0.01"/>
  <testcase classname="tests.Runner2" name="GET_successful_movie_alternative_names" time="0.011"/>
  <testcase classname="tests.Runner2" name="GET_successful_token_request" time="0.009"/>
  <testcase classname="tests.Runner2" name="GET_unsuccessful_collection_images" time="0.017">
    <failure type="java.lang.AssertionError" message="The request should have failed expected [404] but found [200]">
      <![CDATA[java.lang.AssertionError: The request should have failed expected [404] but found [200]
at tests.Runner2.GET_unsuccessful_collection_images(Runner2.java:71)
at java.base/java.util.ArrayList.forEach(ArrayList.java:1511)
... Removed 36 stack frames]]>
    </failure>
  </testcase> <!-- GET_unsuccessful_collection_images -->
</testsuite> <!-- Test1 -->
