<?xml version="1.0" encoding="UTF-8"?>
<testsuite xmlns:xsi="http://www.w3.org/2001/XMLSchema-instance" xsi:noNamespaceSchemaLocation="https://maven.apache.org/surefire/maven-surefire-plugin/xsd/surefire-test-report-3.0.xsd" version="3.0" name="TestSuite" time="1.522" tests="5" errors="0" skipped="0" failures="2">
  <properties>
[...]
</properties>
  <testcase name="GET_successful_collection_details" classname="tests.Runner2" time="0.221">
    <system-err><![CDATA[SLF4J: Failed to load class "org.slf4j.impl.StaticLoggerBinder".
SLF4J: Defaulting to no-operation (NOP) logger implementation
SLF4J: See http://www.slf4j.org/codes.html#StaticLoggerBinder for further details.
feb 23, 2023 3:55:38 P. M. endpoints.Collection addURL
INFO: https://api.themoviedb.org/3 was added
feb 23, 2023 3:55:38 P. M. endpoints.Collection getDetails
INFO: /collection/{collection_id} was added to the URL
feb 23, 2023 3:55:38 P. M. endpoints.Collection typeCollectionId
INFO: {collection_id} was replaced by 10
feb 23, 2023 3:55:38 P. M. endpoints.Collection typeKey
INFO: ?api_key=<my_key> was added to the url
feb 23, 2023 3:55:38 P. M. endpoints.Collection sendRequest
INFO: The request was sent to TMDB
feb 23, 2023 3:55:38 P. M. endpoints.Collection getStatusCode
INFO: The answer was received
feb 23, 2023 3:55:38 P. M. endpoints.Collection getPayloadJsonFirstLine
INFO: The JSON file was read
]]></system-err>
  </testcase>
  <testcase name="GET_successful_create_guest_session" classname="tests.Runner2" time="0.047">
    <failure message="The request failed expected [&quot;success&quot;: true] but found [&quot;success&quot;:true]" type="java.lang.AssertionError"><![CDATA[java.lang.AssertionError: The request failed expected ["success": true] but found ["success":true]
	at org.testng.Assert.fail(Assert.java:110)
	at org.testng.Assert.failNotEquals(Assert.java:1577)
	at org.testng.Assert.assertEqualsImpl(Assert.java:149)
	at org.testng.Assert.assertEquals(Assert.java:131)
	at org.testng.Assert.assertEquals(Assert.java:655)
	at tests.Runner2.GET_successful_create_guest_session(Runner2.java:26)
	at java.base/jdk.internal.reflect.NativeMethodAccessorImpl.invoke0(Native Method)
	at java.base/jdk.internal.reflect.NativeMethodAccessorImpl.invoke(NativeMethodAccessorImpl.java:77)
	at java.base/jdk.internal.reflect.DelegatingMethodAccessorImpl.invoke(DelegatingMethodAccessorImpl.java:43)
	at java.base/java.lang.reflect.Method.invoke(Method.java:568)
	at org.testng.internal.invokers.MethodInvocationHelper.invokeMethod(MethodInvocationHelper.java:139)
	at org.testng.internal.invokers.TestInvoker.invokeMethod(TestInvoker.java:677)
	at org.testng.internal.invokers.TestInvoker.invokeTestMethod(TestInvoker.java:221)
	at org.testng.internal.invokers.MethodRunner.runInSequence(MethodRunner.java:50)
	at org.testng.internal.invokers.TestInvoker$MethodInvocationAgent.invoke(TestInvoker.java:969)
	at org.testng.internal.invokers.TestInvoker.invokeTestMethods(TestInvoker.java:194)
	at org.testng.internal.invokers.TestMethodWorker.invokeTestMethods(TestMethodWorker.java:148)
	at org.testng.internal.invokers.TestMethodWorker.run(TestMethodWorker.java:128)
	at java.base/java.util.ArrayList.forEach(ArrayList.java:1511)
	at org.testng.TestRunner.privateRun(TestRunner.java:829)
	at org.testng.TestRunner.run(TestRunner.java:602)
	at org.testng.SuiteRunner.runTest(SuiteRunner.java:437)
	at org.testng.SuiteRunner.runSequentially(SuiteRunner.java:431)
	at org.testng.SuiteRunner.privateRun(SuiteRunner.java:391)
	at org.testng.SuiteRunner.run(SuiteRunner.java:330)
	at org.testng.SuiteRunnerWorker.runSuite(SuiteRunnerWorker.java:52)
	at org.testng.SuiteRunnerWorker.run(SuiteRunnerWorker.java:95)
	at org.testng.TestNG.runSuitesSequentially(TestNG.java:1256)
	at org.testng.TestNG.runSuitesLocally(TestNG.java:1176)
	at org.testng.TestNG.runSuites(TestNG.java:1099)
	at org.testng.TestNG.run(TestNG.java:1067)
	at org.apache.maven.surefire.testng.TestNGExecutor.run(TestNGExecutor.java:324)
	at org.apache.maven.surefire.testng.TestNGXmlTestSuite.execute(TestNGXmlTestSuite.java:74)
	at org.apache.maven.surefire.testng.TestNGProvider.invoke(TestNGProvider.java:123)
	at org.apache.maven.surefire.booter.ForkedBooter.runSuitesInProcess(ForkedBooter.java:456)
	at org.apache.maven.surefire.booter.ForkedBooter.execute(ForkedBooter.java:169)
	at org.apache.maven.surefire.booter.ForkedBooter.run(ForkedBooter.java:595)
	at org.apache.maven.surefire.booter.ForkedBooter.main(ForkedBooter.java:581)
]]></failure>
    <system-err><![CDATA[feb 23, 2023 3:55:38 P. M. endpoints.Authentication addURL
INFO: https://api.themoviedb.org/3 was added
feb 23, 2023 3:55:38 P. M. endpoints.Authentication createGuestSession
INFO: /authentication/guest_session/new was added to the URL
feb 23, 2023 3:55:38 P. M. tests.Runner2 GET_successful_create_guest_session
INFO: a05d63ea9094a366bb72d2de95a55581
feb 23, 2023 3:55:38 P. M. endpoints.Authentication typeKey
INFO: ?api_key=<my_key> was added to the url
feb 23, 2023 3:55:38 P. M. endpoints.Authentication sendRequest
INFO: The request was sent to TMDB
feb 23, 2023 3:55:38 P. M. endpoints.Authentication getStatusCode
INFO: The answer was received
feb 23, 2023 3:55:38 P. M. endpoints.Authentication getPayloadJsonFirstLine
INFO: The JSON file was read
]]></system-err>
  </testcase>
  <testcase name="GET_successful_movie_alternative_names" classname="tests.Runner2" time="0.014">
    <system-err><![CDATA[feb 23, 2023 3:55:38 P. M. endpoints.Movie addURL
INFO: https://api.themoviedb.org/3 was added
feb 23, 2023 3:55:38 P. M. endpoints.Movie getAlternativeTitles
INFO: /movie/{movie_id}/alternative_titles was added to the URL
feb 23, 2023 3:55:38 P. M. endpoints.Movie typeMovieId
INFO: {movie_id} was replaced by 550
feb 23, 2023 3:55:38 P. M. endpoints.Movie typeKey
INFO: ?api_key=<my_key> was added to the url
feb 23, 2023 3:55:38 P. M. endpoints.Movie sendRequest
INFO: The request was sent to TMDB
feb 23, 2023 3:55:38 P. M. endpoints.Movie getStatusCode
INFO: The answer was received
feb 23, 2023 3:55:38 P. M. endpoints.Movie getPayloadJsonFirstLine
INFO: The JSON file was read
feb 23, 2023 3:55:38 P. M. endpoints.Movie searchPayloadJson
INFO: The JSON file was searched
]]></system-err>
  </testcase>
  <testcase name="GET_successful_token_request" classname="tests.Runner2" time="0.012">
    <system-err><![CDATA[feb 23, 2023 3:55:38 P. M. endpoints.Authentication addURL
INFO: https://api.themoviedb.org/3 was added
feb 23, 2023 3:55:38 P. M. endpoints.Authentication createRequestToken
INFO: /authentication/token/new was added to the URL
feb 23, 2023 3:55:38 P. M. tests.Runner2 GET_successful_token_request
INFO: a05d63ea9094a366bb72d2de95a55581
feb 23, 2023 3:55:38 P. M. endpoints.Authentication typeKey
INFO: ?api_key=<my_key> was added to the url
feb 23, 2023 3:55:38 P. M. endpoints.Authentication sendRequest
INFO: The request was sent to TMDB
feb 23, 2023 3:55:38 P. M. endpoints.Authentication getStatusCode
INFO: The answer was received
feb 23, 2023 3:55:38 P. M. endpoints.Authentication getPayloadJsonFirstLine
INFO: The JSON file was read
]]></system-err>
  </testcase>
  <testcase name="GET_unsuccessful_collection_images" classname="tests.Runner2" time="0.017">
    <failure message="The request should have failed expected [404] but found [200]" type="java.lang.AssertionError"><![CDATA[java.lang.AssertionError: The request should have failed expected [404] but found [200]
	at org.testng.Assert.fail(Assert.java:110)
	at org.testng.Assert.failNotEquals(Assert.java:1577)
	at org.testng.Assert.assertEqualsImpl(Assert.java:149)
	at org.testng.Assert.assertEquals(Assert.java:131)
	at org.testng.Assert.assertEquals(Assert.java:655)
	at tests.Runner2.GET_unsuccessful_collection_images(Runner2.java:66)
	at java.base/jdk.internal.reflect.NativeMethodAccessorImpl.invoke0(Native Method)
	at java.base/jdk.internal.reflect.NativeMethodAccessorImpl.invoke(NativeMethodAccessorImpl.java:77)
	at java.base/jdk.internal.reflect.DelegatingMethodAccessorImpl.invoke(DelegatingMethodAccessorImpl.java:43)
	at java.base/java.lang.reflect.Method.invoke(Method.java:568)
	at org.testng.internal.invokers.MethodInvocationHelper.invokeMethod(MethodInvocationHelper.java:139)
	at org.testng.internal.invokers.TestInvoker.invokeMethod(TestInvoker.java:677)
	at org.testng.internal.invokers.TestInvoker.invokeTestMethod(TestInvoker.java:221)
	at org.testng.internal.invokers.MethodRunner.runInSequence(MethodRunner.java:50)
	at org.testng.internal.invokers.TestInvoker$MethodInvocationAgent.invoke(TestInvoker.java:969)
	at org.testng.internal.invokers.TestInvoker.invokeTestMethods(TestInvoker.java:194)
	at org.testng.internal.invokers.TestMethodWorker.invokeTestMethods(TestMethodWorker.java:148)
	at org.testng.internal.invokers.TestMethodWorker.run(TestMethodWorker.java:128)
	at java.base/java.util.ArrayList.forEach(ArrayList.java:1511)
	at org.testng.TestRunner.privateRun(TestRunner.java:829)
	at org.testng.TestRunner.run(TestRunner.java:602)
	at org.testng.SuiteRunner.runTest(SuiteRunner.java:437)
	at org.testng.SuiteRunner.runSequentially(SuiteRunner.java:431)
	at org.testng.SuiteRunner.privateRun(SuiteRunner.java:391)
	at org.testng.SuiteRunner.run(SuiteRunner.java:330)
	at org.testng.SuiteRunnerWorker.runSuite(SuiteRunnerWorker.java:52)
	at org.testng.SuiteRunnerWorker.run(SuiteRunnerWorker.java:95)
	at org.testng.TestNG.runSuitesSequentially(TestNG.java:1256)
	at org.testng.TestNG.runSuitesLocally(TestNG.java:1176)
	at org.testng.TestNG.runSuites(TestNG.java:1099)
	at org.testng.TestNG.run(TestNG.java:1067)
	at org.apache.maven.surefire.testng.TestNGExecutor.run(TestNGExecutor.java:324)
	at org.apache.maven.surefire.testng.TestNGXmlTestSuite.execute(TestNGXmlTestSuite.java:74)
	at org.apache.maven.surefire.testng.TestNGProvider.invoke(TestNGProvider.java:123)
	at org.apache.maven.surefire.booter.ForkedBooter.runSuitesInProcess(ForkedBooter.java:456)
	at org.apache.maven.surefire.booter.ForkedBooter.execute(ForkedBooter.java:169)
	at org.apache.maven.surefire.booter.ForkedBooter.run(ForkedBooter.java:595)
	at org.apache.maven.surefire.booter.ForkedBooter.main(ForkedBooter.java:581)
]]></failure>
    <system-err><![CDATA[feb 23, 2023 3:55:38 P. M. endpoints.Collection addURL
INFO: https://api.themoviedb.org/3 was added
feb 23, 2023 3:55:38 P. M. endpoints.Collection getImages
INFO: /collection/{collection_id}/images was added to the URL
feb 23, 2023 3:55:38 P. M. endpoints.Collection typeCollectionId
INFO: {collection_id} was replaced by 0
feb 23, 2023 3:55:38 P. M. endpoints.Collection typeKey
INFO: ?api_key=<my_key> was added to the url
feb 23, 2023 3:55:38 P. M. endpoints.Collection sendRequest
INFO: The request was sent to TMDB
feb 23, 2023 3:55:38 P. M. endpoints.Collection getStatusCode
INFO: The answer was received
]]></system-err>
  </testcase>
</testsuite>