<?xml version="1.0" encoding="UTF-8"?>
<testsuite xmlns:xsi="http://www.w3.org/2001/XMLSchema-instance" xsi:noNamespaceSchemaLocation="https://maven.apache.org/surefire/maven-surefire-plugin/xsd/surefire-test-report-3.0.xsd" version="3.0" name="TestSuite" time="0.869" tests="2" errors="0" skipped="0" failures="0">
  <properties>
[...]
</properties>
  <testcase name="GET_successful_create_guest_session" classname="tests.Runner2" time="0.059">
    <system-err><![CDATA[SLF4J: Failed to load class "org.slf4j.impl.StaticLoggerBinder".
SLF4J: Defaulting to no-operation (NOP) logger implementation
SLF4J: See http://www.slf4j.org/codes.html#StaticLoggerBinder for further details.
feb 23, 2023 10:37:36 A. M. endpoints.Authentication addURL
INFO: https://api.themoviedb.org/3 was added
feb 23, 2023 10:37:36 A. M. endpoints.Authentication createGuestSession
INFO: /authentication/guest_session/new was added to the URL
feb 23, 2023 10:37:36 A. M. tests.Runner2 GET_successful_create_guest_session
INFO: a05d63ea9094a366bb72d2de95a55581
feb 23, 2023 10:37:36 A. M. endpoints.Authentication typeKey
INFO: ?api_key=<my_key> was added to the url
feb 23, 2023 10:37:36 A. M. endpoints.Authentication sendRequest
INFO: The request was sent to TMDB
feb 23, 2023 10:37:36 A. M. endpoints.Authentication getStatusCode
INFO: The answer was received
feb 23, 2023 10:37:36 A. M. endpoints.Authentication getPayloadJsonFirstLine
INFO: The answer was received
]]></system-err>
  </testcase>
  <testcase name="GET_successful_token_request" classname="tests.Runner2" time="0.021">
    <system-err><![CDATA[feb 23, 2023 10:37:36 A. M. endpoints.Authentication addURL
INFO: https://api.themoviedb.org/3 was added
feb 23, 2023 10:37:36 A. M. endpoints.Authentication createRequestToken
INFO: /authentication/token/new was added to the URL
feb 23, 2023 10:37:36 A. M. tests.Runner2 GET_successful_token_request
INFO: a05d63ea9094a366bb72d2de95a55581
feb 23, 2023 10:37:36 A. M. endpoints.Authentication typeKey
INFO: ?api_key=<my_key> was added to the url
feb 23, 2023 10:37:36 A. M. endpoints.Authentication sendRequest
INFO: The request was sent to TMDB
feb 23, 2023 10:37:36 A. M. endpoints.Authentication getStatusCode
INFO: The answer was received
feb 23, 2023 10:37:36 A. M. endpoints.Authentication getPayloadJsonFirstLine
INFO: The answer was received
]]></system-err>
  </testcase>
</testsuite>