<?xml version="1.0" encoding="UTF-8"?>
<testng-results ignored="0" total="2" passed="2" failed="0" skipped="0">
  <reporter-output>
  </reporter-output>
  <suite started-at="2023-02-23T10:37:36 COT" name="Suite1" finished-at="2023-02-23T10:37:36 COT" duration-ms="124">
    <groups>
    </groups>
    <test started-at="2023-02-23T10:37:36 COT" name="Test1" finished-at="2023-02-23T10:37:36 COT" duration-ms="124">
      <class name="tests.Runner2">
        <test-method signature="GET_successful_create_guest_session()[pri:0, instance:tests.Runner2@5ccddd20]" started-at="2023-02-23T10:37:36 COT" name="GET_successful_create_guest_session" finished-at="2023-02-23T10:37:36 COT" duration-ms="44" status="PASS">
          <reporter-output>
          </reporter-output>
        </test-method> <!-- GET_successful_create_guest_session -->
        <test-method signature="GET_successful_token_request()[pri:0, instance:tests.Runner2@5ccddd20]" started-at="2023-02-23T10:37:36 COT" name="GET_successful_token_request" finished-at="2023-02-23T10:37:36 COT" duration-ms="19" status="PASS">
          <reporter-output>
          </reporter-output>
        </test-method> <!-- GET_successful_token_request -->
      </class> <!-- tests.Runner2 -->
    </test> <!-- Test1 -->
  </suite> <!-- Suite1 -->
</testng-results>
